[2026-01-06T15:04:29.899+0000] {manager.py:483} INFO - Processing files using up to 2 processes at a time 
[2026-01-06T15:04:29.900+0000] {manager.py:484} INFO - Process each file at most once every 30 seconds
[2026-01-06T15:04:29.900+0000] {manager.py:485} INFO - Checking for new files in /opt/airflow/dags every 300 seconds
[2026-01-06T15:04:29.901+0000] {manager.py:821} INFO - Searching for files in /opt/airflow/dags
[2026-01-06T15:04:29.902+0000] {manager.py:824} INFO - There are 0 files in /opt/airflow/dags
[2026-01-06T15:09:30.612+0000] {manager.py:821} INFO - Searching for files in /opt/airflow/dags
[2026-01-06T15:09:30.615+0000] {manager.py:824} INFO - There are 0 files in /opt/airflow/dags
[2026-01-06T15:14:31.370+0000] {manager.py:821} INFO - Searching for files in /opt/airflow/dags
[2026-01-06T15:14:31.372+0000] {manager.py:824} INFO - There are 0 files in /opt/airflow/dags
[2026-01-06T15:19:31.444+0000] {manager.py:821} INFO - Searching for files in /opt/airflow/dags
[2026-01-06T15:19:31.446+0000] {manager.py:824} INFO - There are 0 files in /opt/airflow/dags
[2026-01-06T15:24:32.423+0000] {manager.py:821} INFO - Searching for files in /opt/airflow/dags
[2026-01-06T15:24:32.425+0000] {manager.py:824} INFO - There are 0 files in /opt/airflow/dags
[2026-01-06T15:29:32.516+0000] {manager.py:821} INFO - Searching for files in /opt/airflow/dags
[2026-01-06T15:29:32.519+0000] {manager.py:824} INFO - There are 0 files in /opt/airflow/dags
[2026-01-06T15:34:32.976+0000] {manager.py:821} INFO - Searching for files in /opt/airflow/dags
[2026-01-06T15:34:32.977+0000] {manager.py:824} INFO - There are 0 files in /opt/airflow/dags
[2026-01-06T15:39:33.427+0000] {manager.py:821} INFO - Searching for files in /opt/airflow/dags
[2026-01-06T15:39:33.428+0000] {manager.py:824} INFO - There are 0 files in /opt/airflow/dags
[2026-01-06T15:44:33.772+0000] {manager.py:821} INFO - Searching for files in /opt/airflow/dags
[2026-01-06T15:44:33.774+0000] {manager.py:824} INFO - There are 0 files in /opt/airflow/dags
[2026-01-06T15:49:34.419+0000] {manager.py:821} INFO - Searching for files in /opt/airflow/dags
[2026-01-06T15:49:34.421+0000] {manager.py:824} INFO - There are 0 files in /opt/airflow/dags
[2026-01-06T15:54:34.698+0000] {manager.py:821} INFO - Searching for files in /opt/airflow/dags
[2026-01-06T15:54:34.700+0000] {manager.py:824} INFO - There are 0 files in /opt/airflow/dags
